Calling target program-options parser
[11:54:55.749] [bmv2] [D] [thread 24969] Set default default entry for table 'MyIngress.ipv4_lpm': NoAction - 
Adding interface s2-eth1 as port 1
[11:54:55.749] [bmv2] [D] [thread 24969] Adding interface s2-eth1 as port 1
Adding interface s2-eth2 as port 2
[11:54:55.789] [bmv2] [D] [thread 24969] Adding interface s2-eth2 as port 2
Adding interface s2-eth3 as port 3
[11:54:55.849] [bmv2] [D] [thread 24969] Adding interface s2-eth3 as port 3
Server listening on 0.0.0.0:50052
[11:54:55.902] [bmv2] [I] [thread 24969] Starting Thrift server on port 9091
[11:54:55.902] [bmv2] [I] [thread 24969] Thrift server was started
New connection
P4Runtime SetForwardingPipelineConfig
[11:54:57.932] [bmv2] [W] [thread 25065] [P4Runtime] p4::tmp::P4DeviceConfig is deprecated
[11:54:57.933] [bmv2] [D] [thread 25065] Set default default entry for table 'MyIngress.ipv4_lpm': NoAction - 
[11:54:57.934] [bmv2] [D] [thread 25065] simple_switch target has been notified of a config swap
P4Runtime Write
device_id: 1
election_id {
  low: 1
}
updates {
  type: MODIFY
  entity {
    table_entry {
      table_id: 37375156
      action {
        action {
          action_id: 25652968
        }
      }
      is_default_action: true
    }
  }
}
[11:54:57.938] [bmv2] [D] [thread 25066] Set default entry for table 'MyIngress.ipv4_lpm': MyIngress.drop - 
P4Runtime Write
device_id: 1
election_id {
  low: 1
}
updates {
  type: INSERT
  entity {
    table_entry {
      table_id: 37375156
      match {
        field_id: 1
        lpm {
          value: "\n\000\001\001"
          prefix_len: 32
        }
      }
      match {
        field_id: 2
        exact {
          value: "\000"
        }
      }
      action {
        action {
          action_id: 28792405
          params {
            param_id: 1
            value: "\010\000\000\000\001\021"
          }
          params {
            param_id: 2
            value: "\000\002"
          }
        }
      }
    }
  }
}
[11:54:57.950] [bmv2] [D] [thread 25065] Entry 0 added to table 'MyIngress.ipv4_lpm'
[11:54:57.950] [bmv2] [D] [thread 25065] Dumping entry 0
Match key:
* hdr.ipv4.dstAddr    : LPM       0a000101/32
* hdr.tcp.ACK         : EXACT     00
Action entry: MyIngress.ipv4_forward - 80000000111,2,

P4Runtime Write
device_id: 1
election_id {
  low: 1
}
updates {
  type: INSERT
  entity {
    table_entry {
      table_id: 37375156
      match {
        field_id: 1
        lpm {
          value: "\n\000\002\002"
          prefix_len: 32
        }
      }
      match {
        field_id: 2
        exact {
          value: "\000"
        }
      }
      action {
        action {
          action_id: 28792405
          params {
            param_id: 1
            value: "\010\000\000\000\002\""
          }
          params {
            param_id: 2
            value: "\000\001"
          }
        }
      }
    }
  }
}
[11:54:57.952] [bmv2] [D] [thread 25066] Entry 1 added to table 'MyIngress.ipv4_lpm'
[11:54:57.952] [bmv2] [D] [thread 25066] Dumping entry 1
Match key:
* hdr.ipv4.dstAddr    : LPM       0a000202/32
* hdr.tcp.ACK         : EXACT     00
Action entry: MyIngress.ipv4_forward - 80000000222,1,

P4Runtime Write
device_id: 1
election_id {
  low: 1
}
updates {
  type: INSERT
  entity {
    table_entry {
      table_id: 37375156
      match {
        field_id: 1
        lpm {
          value: "\n\000\001\001"
          prefix_len: 32
        }
      }
      match {
        field_id: 2
        exact {
          value: "\001"
        }
      }
      action {
        action {
          action_id: 28792405
          params {
            param_id: 1
            value: "\010\000\000\000\001\021"
          }
          params {
            param_id: 2
            value: "\000\003"
          }
        }
      }
    }
  }
}
[11:54:57.955] [bmv2] [D] [thread 25065] Entry 2 added to table 'MyIngress.ipv4_lpm'
[11:54:57.955] [bmv2] [D] [thread 25065] Dumping entry 2
Match key:
* hdr.ipv4.dstAddr    : LPM       0a000101/32
* hdr.tcp.ACK         : EXACT     01
Action entry: MyIngress.ipv4_forward - 80000000111,3,

P4Runtime Write
device_id: 1
election_id {
  low: 1
}
updates {
  type: INSERT
  entity {
    table_entry {
      table_id: 37375156
      match {
        field_id: 1
        lpm {
          value: "\n\000\002\002"
          prefix_len: 32
        }
      }
      match {
        field_id: 2
        exact {
          value: "\001"
        }
      }
      action {
        action {
          action_id: 28792405
          params {
            param_id: 1
            value: "\010\000\000\000\002\""
          }
          params {
            param_id: 2
            value: "\000\001"
          }
        }
      }
    }
  }
}
[11:54:57.957] [bmv2] [D] [thread 25066] Entry 3 added to table 'MyIngress.ipv4_lpm'
[11:54:57.958] [bmv2] [D] [thread 25066] Dumping entry 3
Match key:
* hdr.ipv4.dstAddr    : LPM       0a000202/32
* hdr.tcp.ACK         : EXACT     01
Action entry: MyIngress.ipv4_forward - 80000000222,1,

