Determining if the include file pthread.h exists passed with the following output:
Change Dir: /home/b/ANP/build//CMakeFiles/CMakeTmp

Run Build Command:"/usr/bin/make" "cmTC_7ed1d/fast"
/usr/bin/make -f CMakeFiles/cmTC_7ed1d.dir/build.make CMakeFiles/cmTC_7ed1d.dir/build
make[1]: Entering directory '/home/b/ANP/build/CMakeFiles/CMakeTmp'
Building C object CMakeFiles/cmTC_7ed1d.dir/CheckIncludeFile.c.o
/usr/bin/cc    -o CMakeFiles/cmTC_7ed1d.dir/CheckIncludeFile.c.o   -c /home/b/ANP/build/CMakeFiles/CMakeTmp/CheckIncludeFile.c
Linking C executable cmTC_7ed1d
/usr/bin/cmake -E cmake_link_script CMakeFiles/cmTC_7ed1d.dir/link.txt --verbose=1
/usr/bin/cc      CMakeFiles/cmTC_7ed1d.dir/CheckIncludeFile.c.o  -o cmTC_7ed1d 
make[1]: Leaving directory '/home/b/ANP/build/CMakeFiles/CMakeTmp'


Determining if the function pthread_create exists in the pthread passed with the following output:
Change Dir: /home/b/ANP/build//CMakeFiles/CMakeTmp

Run Build Command:"/usr/bin/make" "cmTC_e042d/fast"
/usr/bin/make -f CMakeFiles/cmTC_e042d.dir/build.make CMakeFiles/cmTC_e042d.dir/build
make[1]: Entering directory '/home/b/ANP/build/CMakeFiles/CMakeTmp'
Building C object CMakeFiles/cmTC_e042d.dir/CheckFunctionExists.c.o
/usr/bin/cc   -DCHECK_FUNCTION_EXISTS=pthread_create   -o CMakeFiles/cmTC_e042d.dir/CheckFunctionExists.c.o   -c /usr/share/cmake-3.10/Modules/CheckFunctionExists.c
Linking C executable cmTC_e042d
/usr/bin/cmake -E cmake_link_script CMakeFiles/cmTC_e042d.dir/link.txt --verbose=1
/usr/bin/cc  -DCHECK_FUNCTION_EXISTS=pthread_create    CMakeFiles/cmTC_e042d.dir/CheckFunctionExists.c.o  -o cmTC_e042d -lpthread 
make[1]: Leaving directory '/home/b/ANP/build/CMakeFiles/CMakeTmp'


